[2026-07-18 00:03:23] Resuming from row 0/3331
[2026-07-18 00:03:23] === Batch: rows 0..99 ===
[2026-07-18 00:03:23] [1/3331 | 0.0%] primasimmobilier.com immobilier societe.com
[2026-07-18 00:03:24] [2/3331 | 0.1%] abpweb.fr immobilier societe.com
[2026-07-18 00:03:26] [3/3331 | 0.1%] axihome-france.com immobilier societe.com
[2026-07-18 00:03:29] [4/3331 | 0.1%] cabinetsoussenimmobilier.com immobilier societe.com
[2026-07-18 00:03:30] [5/3331 | 0.2%] maisonmere-immobilier.fr immobilier societe.com
[2026-07-18 00:03:32] [6/3331 | 0.2%] lelabimmo.com immobilier societe.com
[2026-07-18 00:03:33] [7/3331 | 0.2%] min-immobilier.fr immobilier societe.com
[2026-07-18 00:03:36] [8/3331 | 0.2%] cgimmo.com immobilier societe.com
[2026-07-18 00:03:38] [9/3331 | 0.3%] keystoneimmobilier.com immobilier societe.com
[2026-07-18 00:03:39] [10/3331 | 0.3%] jpmimmobilier.com immobilier societe.com
[2026-07-18 00:03:40] [11/3331 | 0.3%] md-immo.fr immobilier societe.com
[2026-07-18 00:03:43] [12/3331 | 0.4%] hmimmobilier.com immobilier societe.com
[2026-07-18 00:03:44] [13/3331 | 0.4%] monreveamoi.fr immobilier societe.com
[2026-07-18 00:03:46] [14/3331 | 0.4%] fr.linkedin.com immobilier societe.com
[2026-07-18 00:03:48] [15/3331 | 0.5%] steward-immobilier.fr immobilier societe.com
[2026-07-18 00:03:50] [16/3331 | 0.5%] htlimmobilier.com immobilier societe.com
[2026-07-18 00:03:51] [17/3331 | 0.5%] princesimmobilier.com immobilier societe.com
[2026-07-18 00:03:52] [18/3331 | 0.5%] actifimmo93.com immobilier societe.com
[2026-07-18 00:03:54] [19/3331 | 0.6%] lestoitsversaillais.com immobilier societe.com
[2026-07-18 00:03:56] [20/3331 | 0.6%] majimmobilier.com immobilier societe.com
[2026-07-18 00:03:58] [21/3331 | 0.6%] immobilier-a-noirmoutier.com immobilier societe.com
[2026-07-18 00:04:00] [22/3331 | 0.7%] lj-immo.fr immobilier societe.com
[2026-07-18 00:04:02] [23/3331 | 0.7%] 1001-toits.fr immobilier societe.com
[2026-07-18 00:04:04] [24/3331 | 0.7%] limmobilier.fr immobilier societe.com
[2026-07-18 00:04:05] [25/3331 | 0.8%] cavalea-properties.com immobilier societe.com
[2026-07-18 00:04:08] [26/3331 | 0.8%] ab-immobilier.fr immobilier societe.com
[2026-07-18 00:04:11] [27/3331 | 0.8%] agence-immocorp.com immobilier societe.com
[2026-07-18 00:04:13] [28/3331 | 0.8%] immobilier-89.com immobilier societe.com
[2026-07-18 00:04:15] [29/3331 | 0.9%] richalia-immo.fr immobilier societe.com
[2026-07-18 00:04:17] [30/3331 | 0.9%] cabinetmm.fr immobilier societe.com
[2026-07-18 00:04:19] [31/3331 | 0.9%] lepetitagent.fr immobilier societe.com
[2026-07-18 00:04:20] [32/3331 | 1.0%] immo7.fr immobilier societe.com
[2026-07-18 00:04:23] [33/3331 | 1.0%] lesclesdalexia.com immobilier societe.com
[2026-07-18 00:04:25] [34/3331 | 1.0%] hapimmobilier.com immobilier societe.com
[2026-07-18 00:04:26] [35/3331 | 1.1%] arbonne.com immobilier societe.com
[2026-07-18 00:04:27] [36/3331 | 1.1%] immograndlyon.fr immobilier societe.com
[2026-07-18 00:04:29] [37/3331 | 1.1%] gontel-immobilier.fr immobilier societe.com
[2026-07-18 00:04:31] [38/3331 | 1.1%] mpi-immo.com immobilier societe.com
[2026-07-18 00:04:32] [39/3331 | 1.2%] annonayimmobilier.com immobilier societe.com
[2026-07-18 00:04:34] [40/3331 | 1.2%] ac-immobilier.net immobilier societe.com
[2026-07-18 00:04:36] [41/3331 | 1.2%] immonice06.fr immobilier societe.com
[2026-07-18 00:04:37] [42/3331 | 1.3%] scarsini.fr immobilier societe.com
[2026-07-18 00:04:38] [43/3331 | 1.3%] ambgestion.com immobilier societe.com
[2026-07-18 00:04:40] [44/3331 | 1.3%] immobilier-ceyrat-chamalieres.com immobilier societe.com
[2026-07-18 00:04:42] [45/3331 | 1.4%] immo-ha.fr immobilier societe.com
[2026-07-18 00:04:44] [46/3331 | 1.4%] agencedomimmobilier.com immobilier societe.com
[2026-07-18 00:04:47] [47/3331 | 1.4%] limmovalence.com immobilier societe.com
[2026-07-18 00:04:49] [48/3331 | 1.4%] immopassconseils.fr immobilier societe.com
[2026-07-18 00:04:50] [49/3331 | 1.5%] lesterrassesimmo.fr immobilier societe.com
[2026-07-18 00:04:52] [50/3331 | 1.5%] bonjour-immobilier.com immobilier societe.com
[2026-07-18 00:04:54] [51/3331 | 1.5%] accord-immobilier15.com immobilier societe.com
[2026-07-18 00:04:56] [52/3331 | 1.6%] immopartenaires.fr immobilier societe.com
[2026-07-18 00:04:57] [53/3331 | 1.6%] chatel.letuc.com immobilier societe.com
[2026-07-18 00:04:59] [54/3331 | 1.6%] immobonnemere.fr immobilier societe.com
[2026-07-18 00:05:00] [55/3331 | 1.7%] immobonnemere.fr immobilier societe.com
[2026-07-18 00:05:01] [56/3331 | 1.7%] ava-immobilier.com immobilier societe.com
[2026-07-18 00:05:03] [57/3331 | 1.7%] agence-charlemagne.com immobilier societe.com
[2026-07-18 00:05:04] [58/3331 | 1.7%] mp-immobilier.fr immobilier societe.com
[2026-07-18 00:05:06] [59/3331 | 1.8%] revellimmo.fr immobilier societe.com
[2026-07-18 00:05:08] [60/3331 | 1.8%] authentique-immo.fr immobilier societe.com
[2026-07-18 00:05:10] [61/3331 | 1.8%] deltaimmobilier.com immobilier societe.com
[2026-07-18 00:05:12] [62/3331 | 1.9%] immoconsultcotesud.com immobilier societe.com
[2026-07-18 00:05:14] [63/3331 | 1.9%] madieimmobilier.fr immobilier societe.com
[2026-07-18 00:05:15] [64/3331 | 1.9%] agence-saint-roch.fr immobilier societe.com
[2026-07-18 00:05:18] [65/3331 | 2.0%] abi.immo immobilier societe.com
[2026-07-18 00:05:19] [66/3331 | 2.0%] wb-immo.com immobilier societe.com
[2026-07-18 00:05:21] [67/3331 | 2.0%] trinimmo.com immobilier societe.com
[2026-07-18 00:05:23] [68/3331 | 2.0%] agencejoly.com immobilier societe.com
[2026-07-18 00:05:24] [69/3331 | 2.1%] newstyleimmo.fr immobilier societe.com
[2026-07-18 00:05:25] [70/3331 | 2.1%] atrioimmobilier.com immobilier societe.com
[2026-07-18 00:05:27] [71/3331 | 2.1%] souchonimmobilier.fr immobilier societe.com
[2026-07-18 00:05:28] [72/3331 | 2.2%] rocchiaimmobilier.com immobilier societe.com
[2026-07-18 00:05:30] [73/3331 | 2.2%] fabreimmo.com immobilier societe.com
[2026-07-18 00:05:31] [74/3331 | 2.2%] agencesaintdidier.fr immobilier societe.com
[2026-07-18 00:05:32] [75/3331 | 2.3%] sainteanne-immobilier.com immobilier societe.com
[2026-07-18 00:05:34] [76/3331 | 2.3%] europagence.mc immobilier societe.com
[2026-07-18 00:05:36] [77/3331 | 2.3%] pleinsudimmo.com immobilier societe.com
[2026-07-18 00:05:37] [78/3331 | 2.3%] baudoin-immo.com immobilier societe.com
[2026-07-18 00:05:40] [79/3331 | 2.4%] intuition.immo immobilier societe.com
[2026-07-18 00:05:42] [80/3331 | 2.4%] andelim.com immobilier societe.com
[2026-07-18 00:05:43] [81/3331 | 2.4%] immobiliere-olivier.fr immobilier societe.com
[2026-07-18 00:05:44] [82/3331 | 2.5%] b2l-immobilier.fr immobilier societe.com
[2026-07-18 00:05:46] [83/3331 | 2.5%] quietisgestion.com immobilier societe.com
[2026-07-18 00:05:48] [84/3331 | 2.5%] immo-alpilles.com immobilier societe.com
[2026-07-18 00:05:50] [85/3331 | 2.6%] limmobilierepauvert.fr immobilier societe.com
[2026-07-18 00:05:51] [86/3331 | 2.6%] immobresson.com immobilier societe.com
[2026-07-18 00:05:53] [87/3331 | 2.6%] voltaireimmo.com immobilier societe.com
[2026-07-18 00:05:55] [88/3331 | 2.6%] immobilier-mv.com immobilier societe.com
[2026-07-18 00:05:56] [89/3331 | 2.7%] destination-riviera.com immobilier societe.com
[2026-07-18 00:05:58] [90/3331 | 2.7%] draguignan.idimmo.net immobilier societe.com
[2026-07-18 00:05:59] [91/3331 | 2.7%] grisone-immobilier.com immobilier societe.com
[2026-07-18 00:06:01] [92/3331 | 2.8%] cristal-immobilier.fr immobilier societe.com
[2026-07-18 00:06:02] [93/3331 | 2.8%] sebimmo.fr immobilier societe.com
[2026-07-18 00:06:05] [94/3331 | 2.8%] accedia-immobilier.com immobilier societe.com
[2026-07-18 00:06:07] [95/3331 | 2.9%] tacchini-immobilier.com immobilier societe.com
[2026-07-18 00:06:08] [96/3331 | 2.9%] aoimmobilier.com immobilier societe.com
[2026-07-18 00:06:10] [97/3331 | 2.9%] abtransaction.com immobilier societe.com
[2026-07-18 00:06:11] [98/3331 | 2.9%] agenceroxim.com immobilier societe.com
[2026-07-18 00:06:13] [99/3331 | 3.0%] dg-immobilier.com immobilier societe.com
[2026-07-18 00:06:14] [100/3331 | 3.0%] lozano-immo.com immobilier societe.com
[2026-07-18 00:06:17] === Batch: rows 100..199 ===
[2026-07-18 00:06:17] [101/3331 | 3.0%] ifac.fr immobilier societe.com
[2026-07-18 00:06:19] [102/3331 | 3.1%] accordimmo34.com immobilier societe.com
[2026-07-18 00:06:20] [103/3331 | 3.1%] cotedumidi.com immobilier societe.com
[2026-07-18 00:06:22] [104/3331 | 3.1%] run-immobilier.fr immobilier societe.com
[2026-07-18 00:06:24] [105/3331 | 3.2%] mgb-immoconcept.fr immobilier societe.com
[2026-07-18 00:06:25] [106/3331 | 3.2%] centreimmobilier33-gironde.declic.immo immobilier societe.com
[2026-07-18 00:06:27] [107/3331 | 3.2%] agencedelamadeleine.com immobilier societe.com
[2026-07-18 00:06:28] [108/3331 | 3.2%] altura-gestion.fr immobilier societe.com
[2026-07-18 00:06:31] [109/3331 | 3.3%] athomeimmobilier.fr immobilier societe.com
[2026-07-18 00:06:33] [110/3331 | 3.3%] hapimmobilier.com immobilier societe.com
[2026-07-18 00:06:34] [111/3331 | 3.3%] willocq-immobilier.fr immobilier societe.com
[2026-07-18 00:06:37] [112/3331 | 3.4%] immobilieredefrance.com immobilier societe.com
[2026-07-18 00:06:38] [113/3331 | 3.4%] agencecotedopale.fr immobilier societe.com
[2026-07-18 00:06:40] [114/3331 | 3.4%] chatelimmobilier.fr immobilier societe.com
[2026-07-18 00:06:41] [115/3331 | 3.5%] lachenaieimmobilier.fr immobilier societe.com
[2026-07-18 00:06:43] [116/3331 | 3.5%] aik-immo.com immobilier societe.com
[2026-07-18 00:06:45] [117/3331 | 3.5%] grand-large-immobilier.fr immobilier societe.com
[2026-07-18 00:06:47] [118/3331 | 3.5%] dehedin.immo immobilier societe.com
[2026-07-18 00:06:48] [119/3331 | 3.6%] abel-immo.fr immobilier societe.com
[2026-07-18 00:06:50] [120/3331 | 3.6%] h-immo.com immobilier societe.com
[2026-07-18 00:06:52] [121/3331 | 3.6%] agencestlouis.fr immobilier societe.com
[2026-07-18 00:06:55] [122/3331 | 3.7%] active-immo.fr immobilier societe.com
[2026-07-18 00:06:57] [123/3331 | 3.7%] adn-immobilier.com immobilier societe.com
[2026-07-18 00:06:59] [124/3331 | 3.7%] edmondimmobilier.fr immobilier societe.com
[2026-07-18 00:07:01] [125/3331 | 3.8%] collin-immobilier.com immobilier societe.com
[2026-07-18 00:07:03] [126/3331 | 3.8%] lceimmobiliertransactions.com immobilier societe.com
[2026-07-18 00:07:04] [127/3331 | 3.8%] goodplace.immo immobilier societe.com
[2026-07-18 00:07:06] [128/3331 | 3.8%] immoservices51.com immobilier societe.com
[2026-07-18 00:07:07] [129/3331 | 3.9%] agenceicidemain.fr immobilier societe.com
[2026-07-18 00:07:09] [130/3331 | 3.9%] immobilier-conseil67.fr immobilier societe.com
[2026-07-18 00:07:10] [131/3331 | 3.9%] hl-immo.fr immobilier societe.com
[2026-07-18 00:07:12] [132/3331 | 4.0%] immobilieredlb.fr immobilier societe.com
[2026-07-18 00:07:14] [133/3331 | 4.0%] societe.com immobilier societe.com
[2026-07-18 00:07:16] [134/3331 | 4.0%] centreimmobilier86-vienne.declic.immo immobilier societe.com
[2026-07-18 00:07:17] [135/3331 | 4.1%] c2m.immo immobilier societe.com
[2026-07-18 00:07:18] [136/3331 | 4.1%] agenceatlantique.fr immobilier societe.com
[2026-07-18 00:07:19] [137/3331 | 4.1%] agencedelabbaye.net immobilier societe.com
[2026-07-18 00:07:21] [138/3331 | 4.1%] laclefacile.fr immobilier societe.com
[2026-07-18 00:07:22] [139/3331 | 4.2%] agence-eclore.com immobilier societe.com
[2026-07-18 00:07:23] [140/3331 | 4.2%] luma-immobilier.com immobilier societe.com
[2026-07-18 00:07:25] [141/3331 | 4.2%] dieumegard.com immobilier societe.com
[2026-07-18 00:07:27] [142/3331 | 4.3%] latribunedelimmobilier.fr immobilier societe.com
[2026-07-18 00:07:29] [143/3331 | 4.3%] fayard-immobilier.com immobilier societe.com
[2026-07-18 00:07:31] [144/3331 | 4.3%] rbimmobilier.net immobilier societe.com
[2026-07-18 00:07:33] [145/3331 | 4.4%] fr.linkedin.com immobilier societe.com
[2026-07-18 00:07:33] [146/3331 | 4.4%] laine-immobilier.com immobilier societe.com
[2026-07-18 00:07:35] [147/3331 | 4.4%] intramuros.org immobilier societe.com
[2026-07-18 00:07:37] [148/3331 | 4.4%] lemaitreimmobilier.fr immobilier societe.com
[2026-07-18 00:07:38] [149/3331 | 4.5%] mg-immobilier.com immobilier societe.com
[2026-07-18 00:07:40] [150/3331 | 4.5%] immocean.fr immobilier societe.com
[2026-07-18 00:07:42] [151/3331 | 4.5%] saint-nazaire-immo.fr immobilier societe.com
[2026-07-18 00:07:44] [152/3331 | 4.6%] conceptimmo.bzh immobilier societe.com
[2026-07-18 00:07:47] [153/3331 | 4.6%] adn-immobilier.com immobilier societe.com
[2026-07-18 00:07:47] [154/3331 | 4.6%] la-turballe-immobilier.com immobilier societe.com
[2026-07-18 00:07:50] [155/3331 | 4.7%] jaderoimmobilier.com immobilier societe.com
[2026-07-18 00:07:52] [156/3331 | 4.7%] lagence-pontleveque.com immobilier societe.com
[2026-07-18 00:07:54] [157/3331 | 4.7%] asimmodieppe.fr immobilier societe.com
[2026-07-18 00:07:56] [158/3331 | 4.7%] demeures-perche-normandie.fr immobilier societe.com
[2026-07-18 00:07:58] [159/3331 | 4.8%] duo-immo.fr immobilier societe.com
[2026-07-18 00:08:00] [160/3331 | 4.8%] homilie.fr immobilier societe.com
[2026-07-18 00:08:01] [161/3331 | 4.8%] immobiliere-remangeon.fr immobilier societe.com
[2026-07-18 00:08:04] [162/3331 | 4.9%] votrebien-immo.fr immobilier societe.com
[2026-07-18 00:08:05] [163/3331 | 4.9%] gb-immobilier.com immobilier societe.com
[2026-07-18 00:08:08] [164/3331 | 4.9%] gb-immobilier.com immobilier societe.com
[2026-07-18 00:08:08] [165/3331 | 5.0%] manoirdefrance.fr immobilier societe.com
[2026-07-18 00:08:11] [166/3331 | 5.0%] centreimmobilier17-charentemaritime.declic.immo immobilier societe.com
[2026-07-18 00:08:12] [167/3331 | 5.0%] k.concept.immo.free.fr immobilier societe.com
[2026-07-18 00:08:15] [168/3331 | 5.0%] immodelavallee.fr immobilier societe.com
[2026-07-18 00:08:17] [169/3331 | 5.1%] soliha.fr immobilier societe.com
[2026-07-18 00:08:18] [170/3331 | 5.1%] agencedesgobelins.fr immobilier societe.com
[2026-07-18 00:08:20] [171/3331 | 5.1%] fpifrance.fr immobilier societe.com
[2026-07-18 00:08:22] [172/3331 | 5.2%] immoetconseil.com immobilier societe.com
[2026-07-18 00:08:24] [173/3331 | 5.2%] lagencedelille.com immobilier societe.com
[2026-07-18 00:08:26] [174/3331 | 5.2%] jltransactions.com immobilier societe.com
[2026-07-18 00:08:27] [175/3331 | 5.3%] agencedelafontaine.fr immobilier societe.com
[2026-07-18 00:08:28] [176/3331 | 5.3%] flatandhouse-agence.immo immobilier societe.com
[2026-07-18 00:08:30] [177/3331 | 5.3%] claretimmobilier.com immobilier societe.com
[2026-07-18 00:08:32] [178/3331 | 5.3%] rodaimmobilier.fr immobilier societe.com
[2026-07-18 00:08:34] [179/3331 | 5.4%] lopportunite-immobiliere.com immobilier societe.com
[2026-07-18 00:08:36] [180/3331 | 5.4%] pappers.fr immobilier societe.com
[2026-07-18 00:08:37] [181/3331 | 5.4%] drhouse-immo.com immobilier societe.com
[2026-07-18 00:08:39] [182/3331 | 5.5%] ladnimmo.com immobilier societe.com
[2026-07-18 00:08:40] [183/3331 | 5.5%] 1000etuneproprietes.com immobilier societe.com
[2026-07-18 00:08:42] [184/3331 | 5.5%] agence-ajc.com immobilier societe.com
[2026-07-18 00:08:44] [185/3331 | 5.6%] peresimmobilier.com immobilier societe.com
[2026-07-18 00:08:45] [186/3331 | 5.6%] stephanielegerimmobilier.fr immobilier societe.com
[2026-07-18 00:08:47] [187/3331 | 5.6%] demontsimmobilier.fr immobilier societe.com
[2026-07-18 00:08:49] [188/3331 | 5.6%] agence-saint-martin.fr immobilier societe.com
[2026-07-18 00:08:51] [189/3331 | 5.7%] postillon-immobilier.fr immobilier societe.com
[2026-07-18 00:08:52] [190/3331 | 5.7%] infobel.com immobilier societe.com
[2026-07-18 00:08:54] [191/3331 | 5.7%] centreimmobilier85-vendee.declic.immo immobilier societe.com
[2026-07-18 00:08:56] [192/3331 | 5.8%] agsudest.com immobilier societe.com
[2026-07-18 00:08:58] [193/3331 | 5.8%] agenceducentrenice.com immobilier societe.com
[2026-07-18 00:09:00] [194/3331 | 5.8%] agenceducannet.com immobilier societe.com
[2026-07-18 00:09:02] [195/3331 | 5.9%] 4cheminsimmobilier.com immobilier societe.com
[2026-07-18 00:09:05] [196/3331 | 5.9%] imozen.fr immobilier societe.com
[2026-07-18 00:09:07] [197/3331 | 5.9%] fnaim.fr immobilier societe.com
[2026-07-18 00:09:09] [198/3331 | 5.9%] monique-lecomte.fr immobilier societe.com
[2026-07-18 00:09:10] [199/3331 | 6.0%] ca-immobilier.fr immobilier societe.com
[2026-07-18 00:09:12] [200/3331 | 6.0%] agenceducentre.net immobilier societe.com
[2026-07-18 00:09:20] === Batch: rows 200..299 ===
[2026-07-18 00:09:20] [201/3331 | 6.0%] cdimmobilier.fr immobilier societe.com
[2026-07-18 00:09:22] [202/3331 | 6.1%] agenceducentre.net immobilier societe.com
[2026-07-18 00:09:23] [203/3331 | 6.1%] mon-agence.fr immobilier societe.com
[2026-07-18 00:09:25] [204/3331 | 6.1%] annuaire-entreprises.data.gouv.fr immobilier societe.com
[2026-07-18 00:09:27] [205/3331 | 6.2%] gestionplus78.fr immobilier societe.com
[2026-07-18 00:09:30] [206/3331 | 6.2%] vaissiere-immo.fr immobilier societe.com
[2026-07-18 00:09:33] [207/3331 | 6.2%] annuaire-entreprises.data.gouv.fr immobilier societe.com
[2026-07-18 00:09:33] [208/3331 | 6.2%] agence-lapepite.fr immobilier societe.com
[2026-07-18 00:09:35] [209/3331 | 6.3%] transacte-immobilier.fr immobilier societe.com
[2026-07-18 00:09:37] [210/3331 | 6.3%] annuaire-entreprises.data.gouv.fr immobilier societe.com
[2026-07-18 00:09:37] [211/3331 | 6.3%] immodesbordsdemarne.fr immobilier societe.com
[2026-07-18 00:09:39] [212/3331 | 6.4%] josephine-immobilier.com immobilier societe.com
[2026-07-18 00:09:40] [213/3331 | 6.4%] private-estate.fr immobilier societe.com
[2026-07-18 00:09:42] [214/3331 | 6.4%] combarieuimmobilier.com immobilier societe.com
[2026-07-18 00:09:43] [215/3331 | 6.5%] ag-chateau-compiegne.com immobilier societe.com
[2026-07-18 00:09:45] [216/3331 | 6.5%] immo-pierresblondes.com immobilier societe.com
[2026-07-18 00:09:47] [217/3331 | 6.5%] leconte-immobilier.com immobilier societe.com
[2026-07-18 00:09:50] [218/3331 | 6.5%] divimmo.fr immobilier societe.com
[2026-07-18 00:09:52] [219/3331 | 6.6%] agence-immobiliere-gard.com immobilier societe.com
[2026-07-18 00:09:56] [220/3331 | 6.6%] immo-maxx.com immobilier societe.com
[2026-07-18 00:09:57] [221/3331 | 6.6%] bellon-immobilier.com immobilier societe.com
[2026-07-18 00:09:59] [222/3331 | 6.7%] michellaurent.com immobilier societe.com
[2026-07-18 00:10:01] [223/3331 | 6.7%] agenceprincipale.com immobilier societe.com
[2026-07-18 00:10:03] [224/3331 | 6.7%] celtimo.fr immobilier societe.com
[2026-07-18 00:10:04] [225/3331 | 6.8%] youlive-immobilier.fr immobilier societe.com
[2026-07-18 00:10:07] [226/3331 | 6.8%] agence-revedemer.fr immobilier societe.com
[2026-07-18 00:10:08] [227/3331 | 6.8%] annuaire.frenchmorning.com immobilier societe.com
[2026-07-18 00:10:10] [228/3331 | 6.8%] myhouseimmobilier.com immobilier societe.com
[2026-07-18 00:10:12] [229/3331 | 6.9%] adcrambouillet.com immobilier societe.com
[2026-07-18 00:10:14] [230/3331 | 6.9%] immoselect83.fr immobilier societe.com
[2026-07-18 00:10:15] [231/3331 | 6.9%] idemmo.fr immobilier societe.com
[2026-07-18 00:10:17] [232/3331 | 7.0%] atpimmobilier.fr immobilier societe.com
[2026-07-18 00:10:18] [233/3331 | 7.0%] cabinethomas.fr immobilier societe.com
[2026-07-18 00:10:20] [234/3331 | 7.0%] stil-immo.fr immobilier societe.com
[2026-07-18 00:10:22] [235/3331 | 7.1%] metropoleimmobilier.com immobilier societe.com
[2026-07-18 00:10:24] [236/3331 | 7.1%] cabinetturin.fr immobilier societe.com
[2026-07-18 00:10:25] [237/3331 | 7.1%] honore.immo immobilier societe.com
[2026-07-18 00:10:28] [238/3331 | 7.1%] grechimmo.fr immobilier societe.com
[2026-07-18 00:10:29] [239/3331 | 7.2%] grechimmo.fr immobilier societe.com
[2026-07-18 00:10:30] [240/3331 | 7.2%] gratentour.fr immobilier societe.com
[2026-07-18 00:10:32] [241/3331 | 7.2%] infobel.com immobilier societe.com
[2026-07-18 00:10:33] [242/3331 | 7.3%] inspireimmo.com immobilier societe.com
[2026-07-18 00:10:36] [243/3331 | 7.3%] centerbayimmobilier.com immobilier societe.com
[2026-07-18 00:10:38] [244/3331 | 7.3%] surfaceprivee.com immobilier societe.com
[2026-07-18 00:10:39] [245/3331 | 7.4%] agencesouilleagen.com immobilier societe.com
[2026-07-18 00:10:41] [246/3331 | 7.4%] groupecfimmo.fr immobilier societe.com
[2026-07-18 00:10:42] [247/3331 | 7.4%] carolebourgade.com immobilier societe.com
[2026-07-18 00:10:45] [248/3331 | 7.4%] agenceimmok.com immobilier societe.com
[2026-07-18 00:10:48] [249/3331 | 7.5%] biensdefamille.com immobilier societe.com
[2026-07-18 00:10:50] [250/3331 | 7.5%] ibi-immobilier.fr immobilier societe.com
[2026-07-18 00:10:52] [251/3331 | 7.5%] immoregion.fr immobilier societe.com
[2026-07-18 00:10:53] [252/3331 | 7.6%] soaimmo.fr immobilier societe.com
[2026-07-18 00:10:55] [253/3331 | 7.6%] novimmo.fr immobilier societe.com
[2026-07-18 00:10:56] [254/3331 | 7.6%] countryside-immobilier.com immobilier societe.com
[2026-07-18 00:10:58] [255/3331 | 7.7%] lagenceimmobiliereaubagne.fr immobilier societe.com
[2026-07-18 00:10:59] [256/3331 | 7.7%] lesclesdusoleil.com immobilier societe.com
[2026-07-18 00:11:00] [257/3331 | 7.7%] avenuedelimmobilier.com immobilier societe.com
[2026-07-18 00:11:02] [258/3331 | 7.7%] doyon-immobilier.fr immobilier societe.com
[2026-07-18 00:11:04] [259/3331 | 7.8%] archipels-immo.fr immobilier societe.com
[2026-07-18 00:11:07] [260/3331 | 7.8%] larochelle-frenchproperties.com immobilier societe.com
[2026-07-18 00:11:08] [261/3331 | 7.8%] harmon-international.fr immobilier societe.com
[2026-07-18 00:11:10] [262/3331 | 7.9%] pole-immobilier.com immobilier societe.com
[2026-07-18 00:11:12] [263/3331 | 7.9%] immoregion.fr immobilier societe.com
[2026-07-18 00:11:13] [264/3331 | 7.9%] lacledechezvous.com immobilier societe.com
[2026-07-18 00:11:15] [265/3331 | 8.0%] cabinetlaparisienneimmobilier.com immobilier societe.com
[2026-07-18 00:11:16] [266/3331 | 8.0%] immojeannedarc.com immobilier societe.com
[2026-07-18 00:11:18] [267/3331 | 8.0%] immoduchateau.fr immobilier societe.com
[2026-07-18 00:11:19] [268/3331 | 8.0%] prestige-immo.fr immobilier societe.com
[2026-07-18 00:11:21] [269/3331 | 8.1%] prestige-immo.fr immobilier societe.com
[2026-07-18 00:11:21] [270/3331 | 8.1%] stephanielekieffre-immo.fr immobilier societe.com
[2026-07-18 00:11:23] [271/3331 | 8.1%] reseau-expertimo.fr immobilier societe.com
[2026-07-18 00:11:25] [272/3331 | 8.2%] ibac.immo immobilier societe.com
[2026-07-18 00:11:28] [273/3331 | 8.2%] essentiel-immo.com immobilier societe.com
[2026-07-18 00:11:29] [274/3331 | 8.2%] tradition-immobilier.com immobilier societe.com
[2026-07-18 00:11:32] [275/3331 | 8.3%] agenceimmobilierepatient.fr immobilier societe.com
[2026-07-18 00:11:33] [276/3331 | 8.3%] eic-immobilier.fr immobilier societe.com
[2026-07-18 00:11:35] [277/3331 | 8.3%] ludwigimhoff.fr immobilier societe.com
[2026-07-18 00:11:38] [278/3331 | 8.3%] davidvertimmobilier.fr immobilier societe.com
[2026-07-18 00:11:40] [279/3331 | 8.4%] lesmolieresimmobilier.fr immobilier societe.com
[2026-07-18 00:11:42] [280/3331 | 8.4%] lorenzi-immobilier.com immobilier societe.com
[2026-07-18 00:11:45] [281/3331 | 8.4%] englimmo.com immobilier societe.com
[2026-07-18 00:11:47] [282/3331 | 8.5%] idimmo31.idimmo.net immobilier societe.com
[2026-07-18 00:11:49] [283/3331 | 8.5%] infobel.com immobilier societe.com
[2026-07-18 00:11:50] [284/3331 | 8.5%] cneufimmobilier.com immobilier societe.com
[2026-07-18 00:11:52] [285/3331 | 8.6%] pga-immobilier.com immobilier societe.com
[2026-07-18 00:11:54] [286/3331 | 8.6%] kahili.fr immobilier societe.com
[2026-07-18 00:11:55] [287/3331 | 8.6%] actimmo50.fr immobilier societe.com
[2026-07-18 00:11:56] [288/3331 | 8.6%] vimmo-conseil.fr immobilier societe.com
[2026-07-18 00:11:57] [289/3331 | 8.7%] cl-immo.ch immobilier societe.com
[2026-07-18 00:11:59] [290/3331 | 8.7%] lintermediaire-immo.be immobilier societe.com
[2026-07-18 00:12:01] [291/3331 | 8.7%] rames.fr immobilier societe.com
[2026-07-18 00:12:03] [292/3331 | 8.8%] pappers.fr immobilier societe.com
[2026-07-18 00:12:03] [293/3331 | 8.8%] pappers.fr immobilier societe.com
[2026-07-18 00:12:04] [294/3331 | 8.8%] serviceazur.com immobilier societe.com
[2026-07-18 00:12:08] [295/3331 | 8.9%] limmobilierdepauline.com immobilier societe.com
[2026-07-18 00:12:09] [296/3331 | 8.9%] agencedusquare.com immobilier societe.com
[2026-07-18 00:12:11] [297/3331 | 8.9%] larochelle.idimmo.net immobilier societe.com
[2026-07-18 00:12:13] [298/3331 | 8.9%] switch-immobilier.fr immobilier societe.com
[2026-07-18 00:12:15] [299/3331 | 9.0%] pappers.fr immobilier societe.com
[2026-07-18 00:12:15] [300/3331 | 9.0%] adresse-en-ville.com immobilier societe.com
