[2026-07-17 10:51:48] Resuming from row 300/4710
[2026-07-17 10:51:48] === Batch: rows 300..399 ===
[2026-07-17 10:51:48] [301/4710 | 6.4%] Estimer, Vendre, Gestion, location avec l'agence ... - Perfia immobilier societe.com
[2026-07-17 10:51:48] [302/4710 | 6.4%] Gbail (@gbail_immobilier) · Paris immobilier societe.com
[2026-07-17 10:51:49] [303/4710 | 6.4%] Immobilier à Paris 17e : "L'art de vivre entre village et prestige." immobilier societe.com
[2026-07-17 10:51:49] [304/4710 | 6.5%] alc-consultants.fr immobilier societe.com
[2026-07-17 10:51:50] [305/4710 | 6.5%] CABINET B.H.I - Agence immobilière (horaires, avis) immobilier societe.com
[2026-07-17 10:51:50] [306/4710 | 6.5%] Delvim (@delvimimmobilier) immobilier societe.com
[2026-07-17 10:51:51] [307/4710 | 6.5%] Agence Arion Immobilier Bagnolet immobilier societe.com
[2026-07-17 10:51:51] [308/4710 | 6.5%] KÔTÉ MAISON - Saint-Saturnin immobilier societe.com
[2026-07-17 10:51:52] [309/4710 | 6.6%] Cabinet SOUSSEN Immobilier immobilier societe.com
[2026-07-17 10:51:53] [310/4710 | 6.6%] Maison Mère Immobilier immobilier societe.com
[2026-07-17 10:51:53] [311/4710 | 6.6%] Société BAUVAUT 88 (952445989) à PARIS (75001). immobilier societe.com
[2026-07-17 10:51:55] [312/4710 | 6.6%] Agence immobilière Immotec Paris 15e Javel - Balard - FNAIM immobilier societe.com
[2026-07-17 10:51:55] [313/4710 | 6.6%] FLABEAU immobilier societe.com
[2026-07-17 10:51:55] [314/4710 | 6.7%] GB CONSEILS immobilier societe.com
[2026-07-17 10:51:56] [315/4710 | 6.7%] Monceau-Montaigne | Paris immobilier societe.com
[2026-07-17 10:51:56] [316/4710 | 6.7%] sigadb.fr immobilier societe.com
[2026-07-17 10:51:57] [317/4710 | 6.7%] L'agence immobilier societe.com
[2026-07-17 10:51:58] [318/4710 | 6.8%] Belmont Properties – Agence immobilière à Paris immobilier societe.com
[2026-07-17 10:51:59] [319/4710 | 6.8%] housing immobilier societe.com
[2026-07-17 10:51:59] [320/4710 | 6.8%] Agence immobilier societe.com
[2026-07-17 10:52:01] [321/4710 | 6.8%] Les Parigots – lesparigots.com immobilier societe.com
[2026-07-17 10:52:01] [322/4710 | 6.8%] Groupe LA VITRINE Immobilier Buttes Chaumont immobilier societe.com
[2026-07-17 10:52:02] [323/4710 | 6.9%] Dauchez immobilier societe.com
[2026-07-17 10:52:02] [324/4710 | 6.9%] Richelieu Immobilier immobilier societe.com
[2026-07-17 10:52:03] [325/4710 | 6.9%] Nos biens - Boya immobilier societe.com
[2026-07-17 10:52:03] [326/4710 | 6.9%] Oscar Immobilier | Paris immobilier societe.com
[2026-07-17 10:52:04] [327/4710 | 6.9%] Longchamp immobilier immobilier societe.com
[2026-07-17 10:52:06] [328/4710 | 7.0%] Syndic de copropriété à Paris 15e immobilier societe.com
[2026-07-17 10:52:07] [329/4710 | 7.0%] Krystyna Immobilier | Paris immobilier societe.com
[2026-07-17 10:52:07] [330/4710 | 7.0%] AGENCE VIENOT Boulogne billancourt: immobilier immobilier societe.com
[2026-07-17 10:52:09] [331/4710 | 7.0%] Yahoo! France | Mail, Météo, Recherche, Politique, Actualités ... immobilier societe.com
[2026-07-17 10:52:09] [332/4710 | 7.0%] Maxime Kohler Email & Phone Number | PADAM IMMO ... immobilier societe.com
[2026-07-17 10:52:10] [333/4710 | 7.1%] Extranet copropriétaire - Paris - Immobilière du Château immobilier societe.com
[2026-07-17 10:52:11] [334/4710 | 7.1%] Nicolas Devillard Immobilier — Paris centre et ouest immobilier societe.com
[2026-07-17 10:52:11] [335/4710 | 7.1%] Laetitia Bogo Email & Phone Number | Vendôme Exclusive ... immobilier societe.com
[2026-07-17 10:52:12] [336/4710 | 7.1%] DMG Immobilier: Accueil immobilier societe.com
[2026-07-17 10:52:12] [337/4710 | 7.2%] Notre Temps: Au Cœur De Nos Clients immobilier societe.com
[2026-07-17 10:52:13] [338/4710 | 7.2%] Cabinet Moulins des Près - Paris 5ème immobilier societe.com
[2026-07-17 10:52:13] [339/4710 | 7.2%] Immobilière Berlioz: Agence immobilière Meylan immobilier societe.com
[2026-07-17 10:52:14] [340/4710 | 7.2%] Wimprove: Agence immobilière à Paris 3 spécialisée en ... immobilier societe.com
[2026-07-17 10:52:14] [341/4710 | 7.2%] OIKO GESTION à MARSEILLE - Chiffre d'Affaires, Résultat ... immobilier societe.com
[2026-07-17 10:52:15] [342/4710 | 7.3%] IPC IMMOBILIER Paris immobilier societe.com
[2026-07-17 10:52:16] [343/4710 | 7.3%] Gestion locative + | Paris immobilier societe.com
[2026-07-17 10:52:16] [344/4710 | 7.3%] Conseil Rive Gauche - Agence immobilière, 38 r Cinq ... immobilier societe.com
[2026-07-17 10:52:17] [345/4710 | 7.3%] CONSULTIMMO Agence Immobiliere Cassis: Accueil immobilier societe.com
[2026-07-17 10:52:17] [346/4710 | 7.3%] GPIMO | Gestion Patrimoine Immobilier | Paris immobilier societe.com
[2026-07-17 10:52:18] [347/4710 | 7.4%] CB Immo: Agence immobilière Champigny-sur-Marne immobilier societe.com
[2026-07-17 10:52:18] [348/4710 | 7.4%] Transopéra Transaction: Agence immobilière Paris 11 immobilier societe.com
[2026-07-17 10:52:20] [349/4710 | 7.4%] Cardinal immobilier | Toulouse immobilier societe.com
[2026-07-17 10:52:20] [350/4710 | 7.4%] Accueil — CAP Associés immobilier societe.com
[2026-07-17 10:52:22] [351/4710 | 7.5%] Gmail immobilier societe.com
[2026-07-17 10:52:22] [352/4710 | 7.5%] Etude Rive Gauche, agence immobilière Paris 6ème et environs immobilier societe.com
[2026-07-17 10:52:23] [353/4710 | 7.5%] Bercail Immobilier - Agence Immobilière en Île-de-France immobilier societe.com
[2026-07-17 10:52:23] [354/4710 | 7.5%] Rue Madame Paris immobilier societe.com
[2026-07-17 10:52:25] [355/4710 | 7.5%] Cardinal Agency immobilier societe.com
[2026-07-17 10:52:25] [356/4710 | 7.6%] https://www.imax.com/en/fr immobilier societe.com
[2026-07-17 10:52:26] [357/4710 | 7.6%] Immo Camille | Maisons-Laffitte immobilier societe.com
[2026-07-17 10:52:26] [358/4710 | 7.6%] Corinne Orbach Immobilier immobilier societe.com
[2026-07-17 10:52:28] [359/4710 | 7.6%] 18 MARIGNAN | Paris immobilier societe.com
[2026-07-17 10:52:28] [360/4710 | 7.6%] Victoire Immobilier | Lyon immobilier societe.com
[2026-07-17 10:52:29] [361/4710 | 7.7%] Victorine Immobilier: Agence immobilière à Paris et Lyon immobilier societe.com
[2026-07-17 10:52:29] [362/4710 | 7.7%] Guillaume Akoun - Président chez AKOUN PROPRIETES immobilier societe.com
[2026-07-17 10:52:32] [363/4710 | 7.7%] Agence immobilière Courbevoie, Puteaux | Sans Vis-à-Vis immobilier societe.com
[2026-07-17 10:52:32] [364/4710 | 7.7%] AGENCE PRINCIPALE Cergy: immobilier Cergy immobilier societe.com
[2026-07-17 10:52:33] [365/4710 | 7.7%] CÉCILE GUILLO - Un projet, une rencontre immobilier societe.com
[2026-07-17 10:52:33] [366/4710 | 7.8%] Charlotte et Laura Immobilier | Fourmies immobilier societe.com
[2026-07-17 10:52:34] [367/4710 | 7.8%] Be My Flat | Paris immobilier societe.com
[2026-07-17 10:52:34] [368/4710 | 7.8%] Agence de Conflans | DAVRIL immobilier societe.com
[2026-07-17 10:52:35] [369/4710 | 7.8%] Victoire Immobilier immobilier societe.com
[2026-07-17 10:52:35] [370/4710 | 7.9%] Alize Immobilier - Agence immobilière prestige Paris Biarritz immobilier societe.com
[2026-07-17 10:52:36] [371/4710 | 7.9%] Maëlys Real Estate | Paris immobilier societe.com
[2026-07-17 10:52:37] [372/4710 | 7.9%] Annabel Owners Paris (@ownersparis) immobilier societe.com
[2026-07-17 10:52:37] [373/4710 | 7.9%] Agence Immobilière Rental Expert Immobilier immobilier societe.com
[2026-07-17 10:52:38] [374/4710 | 7.9%] hexagone immobilier (hexagone immobilier) immobilier societe.com
[2026-07-17 10:52:38] [375/4710 | 8.0%] Compagnie de Phalsbourg - Venez construire avec nous la ... immobilier societe.com
[2026-07-17 10:52:41] [376/4710 | 8.0%] CSI Entreprise | Saint-Germain-en-Laye immobilier societe.com
[2026-07-17 10:52:41] [377/4710 | 8.0%] Agence des Oliviers, immobilier Chevreuse, Voisins le ... immobilier societe.com
[2026-07-17 10:52:42] [378/4710 | 8.0%] L'Immobilière Montaigne | Paris immobilier societe.com
[2026-07-17 10:52:42] [379/4710 | 8.0%] CFI Consultants immobilier societe.com
[2026-07-17 10:52:43] [380/4710 | 8.1%] Les Molières Immobilier immobilier societe.com
[2026-07-17 10:52:43] [381/4710 | 8.1%] Votre Chasseur d'Appartement et Chasseur Immobilier à Paris immobilier societe.com
[2026-07-17 10:52:44] [382/4710 | 8.1%] ClimMob – Online software for agricultural citizen science immobilier societe.com
[2026-07-17 10:52:44] [383/4710 | 8.1%] Maison van Baren (@maisonvanbaren) immobilier societe.com
[2026-07-17 10:52:45] [384/4710 | 8.2%] Société Générale Immobilière immobilier societe.com
[2026-07-17 10:52:46] [385/4710 | 8.2%] Agence immobilière CL IMMO immobilier societe.com
[2026-07-17 10:52:47] [386/4710 | 8.2%] Agence Immobilière CODIMO à Rixensart - La Hulpe immobilier societe.com
[2026-07-17 10:52:47] [387/4710 | 8.2%] 3%.com Immobilier immobilier societe.com
[2026-07-17 10:52:48] [388/4710 | 8.2%] Agence immobilière à Levallois-Perret immobilier societe.com
[2026-07-17 10:52:48] [389/4710 | 8.3%] Equipe immobilier societe.com
[2026-07-17 10:52:50] [390/4710 | 8.3%] C&M IMMO: Agence immobilière Illzach immobilier societe.com
[2026-07-17 10:52:52] [391/4710 | 8.3%] equipe immobilier societe.com
[2026-07-17 10:52:53] [392/4710 | 8.3%] CityLife Nantes Nord - CityLife Immobilier immobilier societe.com
[2026-07-17 10:52:54] [393/4710 | 8.3%] Immobilière des Vallées | Étréchy immobilier societe.com
[2026-07-17 10:52:54] [394/4710 | 8.4%] Immo 5: Agence immobilière Noisy-le-Grand immobilier societe.com
[2026-07-17 10:52:55] [395/4710 | 8.4%] Vente : Puis-je vendre un logement occupé ? 🏠 Clay Immo ... immobilier societe.com
[2026-07-17 10:52:55] [396/4710 | 8.4%] Pourquoi faire gérer votre bien par CLC-Gestion immobilier societe.com
[2026-07-17 10:52:56] [397/4710 | 8.4%] Acheter une maison ou un appartement avec Citylife Marque ... immobilier societe.com
[2026-07-17 10:52:56] [398/4710 | 8.5%] Furnished apartment rental in Paris immobilier societe.com
[2026-07-17 10:52:57] [399/4710 | 8.5%] Accueil - CityLife Vincennes immobilier societe.com
[2026-07-17 10:52:57] [400/4710 | 8.5%] Agence Première immobilier societe.com
[2026-07-17 10:52:59] === Batch: rows 400..499 ===
[2026-07-17 10:52:59] [401/4710 | 8.5%] C-limmo : Agence immobilière Sens immobilier societe.com
[2026-07-17 10:53:01] [402/4710 | 8.5%] Code Immo: Agence immobilière Charquemont immobilier societe.com
[2026-07-17 10:53:02] [403/4710 | 8.6%] Louer un bien immobilier immobilier societe.com
[2026-07-17 10:53:09] [404/4710 | 8.6%] Agence CL Immobilier: Agence immobilière Les Deux Alpes immobilier societe.com
[2026-07-17 10:53:10] [405/4710 | 8.6%] Cler Immo: immobilier immobilier societe.com
[2026-07-17 10:53:12] [406/4710 | 8.6%] Gestion locative immobilier societe.com
[2026-07-17 10:53:13] [407/4710 | 8.6%] Agence Immobilière de la Vallée de la Bièvre immobilier societe.com
[2026-07-17 10:53:15] [408/4710 | 8.7%] Acheter une maison ou un appartement avec Citylife Marque ... immobilier societe.com
[2026-07-17 10:53:16] [409/4710 | 8.7%] Les Agents de l'Immobilier Orléans immobilier societe.com
[2026-07-17 10:53:18] [410/4710 | 8.7%] Condate | Saint-Jacques-de-la-Lande immobilier societe.com
[2026-07-17 10:53:20] [411/4710 | 8.7%] De Monts Immobilier immobilier societe.com
[2026-07-17 10:53:22] [412/4710 | 8.7%] Conseil en gestion patrimoniale Paris, Hauts-de-Seine - Mazarin immobilier societe.com
[2026-07-17 10:53:23] [413/4710 | 8.8%] L'Agence - Expert immobilier en Corse immobilier societe.com
[2026-07-17 10:53:25] [414/4710 | 8.8%] Comment se connecter à Hotmail immobilier societe.com
[2026-07-17 10:53:27] [415/4710 | 8.8%] Bienvenue sur le site de l'agence immobilière IMMO PARIS à ... immobilier societe.com
[2026-07-17 10:53:29] [416/4710 | 8.8%] Valentin Tétier - Directeur d'agence immobilier societe.com
[2026-07-17 10:53:30] [417/4710 | 8.9%] Guinot & Lorillard Immobilier - Créateurs de rencontres d ... immobilier societe.com
[2026-07-17 10:53:31] [418/4710 | 8.9%] DS Immo: Agence immobilière à Ajaccio et sa région immobilier societe.com
[2026-07-17 10:53:33] [419/4710 | 8.9%] Cabinet Hoche Pantin: Le Cabinet Hoche immobilier societe.com
[2026-07-17 10:53:34] [420/4710 | 8.9%] Village Montorgueil immobilier societe.com
[2026-07-17 10:53:36] [421/4710 | 8.9%] pariscabane: Agence immobilière indépendante à Paris ... immobilier societe.com
[2026-07-17 10:53:37] [422/4710 | 9.0%] Immobilier Saint Didier Paris 16 | Vente et Gestion immobilière immobilier societe.com
[2026-07-17 10:53:39] [423/4710 | 9.0%] Delmonte Immobilier - Agence immobilière à La Seyne sur Mer immobilier societe.com
[2026-07-17 10:53:41] [424/4710 | 9.0%] Europe Immobilier, agence immobilière Avallon, achat ... immobilier societe.com
[2026-07-17 10:53:43] [425/4710 | 9.0%] Accueil – Les Clés de Lutèce immobilier societe.com
[2026-07-17 10:53:44] [426/4710 | 9.0%] Talentissimmo: Agence immobilière Paris 12 immobilier societe.com
[2026-07-17 10:53:46] [427/4710 | 9.1%] GFI IMMOBILIER : Agence de vente, location et gestion ... immobilier societe.com
[2026-07-17 10:53:49] [428/4710 | 9.1%] Immobilier Choisy-le-Roi (94) SEINE IMMOBILIER immobilier societe.com
[2026-07-17 10:53:51] [429/4710 | 9.1%] ColocR: Investissement et gestion de colocations immobilier societe.com
[2026-07-17 10:53:53] [430/4710 | 9.1%] Le Lab Immo immobilier societe.com
[2026-07-17 10:53:54] [431/4710 | 9.2%] Peclers Immobilier | Rueil-Malmaison immobilier societe.com
[2026-07-17 10:53:56] [432/4710 | 9.2%] Delaporte Immobilier | Amiens immobilier societe.com
[2026-07-17 10:53:57] [433/4710 | 9.2%] foodimmo | Paris immobilier societe.com
[2026-07-17 10:53:59] [434/4710 | 9.2%] Min'Immo immobilier societe.com
[2026-07-17 10:54:01] [435/4710 | 9.2%] Strategies and Corp - L'immobilier des entreprises immobilier societe.com
[2026-07-17 10:54:03] [436/4710 | 9.3%] Le Rosenberg Immobilier à Hégenheim immobilier societe.com
[2026-07-17 10:54:04] [437/4710 | 9.3%] Accueil | TERRASSE & CIE | David Gotti immobilier societe.com
[2026-07-17 10:54:06] [438/4710 | 9.3%] Contact – Emilie Transactions Immobilières immobilier societe.com
[2026-07-17 10:54:07] [439/4710 | 9.3%] DS IMMO CONSULTING | Paris immobilier societe.com
[2026-07-17 10:54:09] [440/4710 | 9.3%] Lokalis immobilier societe.com
[2026-07-17 10:54:11] [441/4710 | 9.4%] Your partner in Real Estate immobilier societe.com
[2026-07-17 10:54:13] [442/4710 | 9.4%] Société DEVARIM RE : Chiffre d'affaires, statuts, extrait ... immobilier societe.com
[2026-07-17 10:54:15] [443/4710 | 9.4%] L'atelier des chasseurs immobiliers: Agence Immobilière Orange immobilier societe.com
[2026-07-17 10:54:17] [444/4710 | 9.4%] Peter Jorgensen Consulting SARL Paris immobilier societe.com
[2026-07-17 10:54:18] [445/4710 | 9.4%] Walter & de Maison : immobilier de prestige immobilier societe.com
[2026-07-17 10:54:20] [446/4710 | 9.5%] Agences - Réseau immobilier Côte d'Opale immobilier societe.com
[2026-07-17 10:54:21] [447/4710 | 9.5%] Cost Immobilier (@costimmobilier92) immobilier societe.com
[2026-07-17 10:54:22] [448/4710 | 9.5%] Cabinet Jean & Co à Boulogne-Billancourt immobilier societe.com
[2026-07-17 10:54:24] [449/4710 | 9.5%] Qatédra: Expert investissement locatif | Agence immobilière à ... immobilier societe.com
[2026-07-17 10:54:25] [450/4710 | 9.6%] Espace client immobilier societe.com
[2026-07-17 10:54:26] [451/4710 | 9.6%] HB Immobilier immobilier societe.com
[2026-07-17 10:54:28] [452/4710 | 9.6%] Site internet de l'agence immobilière Remora Immobilier immobilier societe.com
[2026-07-17 10:54:29] [453/4710 | 9.6%] immobilier | Sabimmo Saint-Ouen immobilier societe.com
[2026-07-17 10:54:30] [454/4710 | 9.6%] Société AGENCE BLOMET à 75015 PARIS - SIREN 819 094 ... immobilier societe.com
[2026-07-17 10:54:32] [455/4710 | 9.7%] Société MONTAIGNE ESTATE : Chiffre d'affaires, statuts ... immobilier societe.com
[2026-07-17 10:54:34] [456/4710 | 9.7%] Allouche Immobilier | Champagney immobilier societe.com
[2026-07-17 10:54:35] [457/4710 | 9.7%] Master Gestion Immobilier: Agence immobilière à Paris 7ème immobilier societe.com
[2026-07-17 10:54:37] [458/4710 | 9.7%] Cocoon-Immo | Communication digitale pour l'immobilier immobilier societe.com
[2026-07-17 10:54:39] [459/4710 | 9.7%] L'Agence Centrale immobilier societe.com
[2026-07-17 10:54:40] [460/4710 | 9.8%] ÉON Immobilier (@eonimmobilier) immobilier societe.com
[2026-07-17 10:54:41] [461/4710 | 9.8%] Gwenaël de la Villesbret - Delambre agence immobilière immobilier societe.com
[2026-07-17 10:54:43] [462/4710 | 9.8%] DAFIMMO: Achat, vente, estimation immobilier sur Laigneville ... immobilier societe.com
[2026-07-17 10:54:45] [463/4710 | 9.8%] Expert Immobilier Ouest Parisien | AGENCE DE VALLIERE immobilier societe.com
[2026-07-17 10:54:46] [464/4710 | 9.9%] Diane Immobilier - L'Excellence de l'Immobilier haut de ... immobilier societe.com
[2026-07-17 10:54:48] [465/4710 | 9.9%] a-roux@idimmo.net immobilier societe.com
[2026-07-17 10:54:49] [466/4710 | 9.9%] Desquartiers | Transaction, expertise, gestion immobilière immobilier societe.com
[2026-07-17 10:54:51] [467/4710 | 9.9%] Sabimo immobilier societe.com
[2026-07-17 10:54:53] [468/4710 | 9.9%] Immotech Partners | Paris immobilier societe.com
[2026-07-17 10:54:54] [469/4710 | 10.0%] Société DUMONT IMMOBILIER (DL IMMOBILIER) à 75011 ... immobilier societe.com
[2026-07-17 10:54:56] [470/4710 | 10.0%] concorde associes immobilier societe.com
[2026-07-17 10:54:58] [471/4710 | 10.0%] CLE DE SOL Immobilier - Real Estate Paris immobilier societe.com
[2026-07-17 10:54:59] [472/4710 | 10.0%] Concorde Etoile immobilier societe.com
[2026-07-17 10:55:01] [473/4710 | 10.0%] Vincent Olivier : LE CUBE ROUGE immobilier societe.com
[2026-07-17 10:55:02] [474/4710 | 10.1%] EB Agency — Sites Web · Réseaux Sociaux · Événementiel immobilier societe.com
[2026-07-17 10:55:04] [475/4710 | 10.1%] Agence Domus Verbier immobilier societe.com
[2026-07-17 10:55:05] [476/4710 | 10.1%] Société DOMUS (IMMODOMUS - GESTIODOMUS) à 21000 ... immobilier societe.com
[2026-07-17 10:55:06] [477/4710 | 10.1%] Agence immobilière DUMONT IMMOBILIER (93600) immobilier societe.com
[2026-07-17 10:55:08] [478/4710 | 10.1%] Agence Immobilière ICI Dordogne Vergt, Tremolat et Le ... immobilier societe.com
[2026-07-17 10:55:09] [479/4710 | 10.2%] RICHER Immobilier (@richerimmobilier) immobilier societe.com
[2026-07-17 10:55:11] [480/4710 | 10.2%] Eclipse immobilier immobilier societe.com
[2026-07-17 10:55:12] [481/4710 | 10.2%] Grenelle Immobilier, agence immobilière Paris 7ème et environs immobilier societe.com
[2026-07-17 10:55:16] [482/4710 | 10.2%] Encore une belle vente signée Exception Immobilier ... immobilier societe.com
[2026-07-17 10:55:18] [483/4710 | 10.3%] Neuilly Etoile Immobilier | Neuilly-sur-Seine immobilier societe.com
[2026-07-17 10:55:20] [484/4710 | 10.3%] Europagence immobilier societe.com
[2026-07-17 10:55:22] [485/4710 | 10.3%] Domus Immobilier: home immobilier societe.com
[2026-07-17 10:55:24] [486/4710 | 10.3%] Cabinet Bellevue Meudon et environs immobilier societe.com
[2026-07-17 10:55:25] [487/4710 | 10.3%] Domus Rome: Administrateur de biens immobilier societe.com
[2026-07-17 10:55:28] [488/4710 | 10.4%] API IMMO: immobilier immobilier societe.com
[2026-07-17 10:55:30] [489/4710 | 10.4%] Elma Immobilier immobilier societe.com
[2026-07-17 10:55:31] [490/4710 | 10.4%] EA immobilier: Des talents au service de vos projets immobiliers immobilier societe.com
[2026-07-17 10:55:33] [491/4710 | 10.4%] Els'a Home Immobilier sur mesure immobilier societe.com
[2026-07-17 10:55:34] [492/4710 | 10.4%] fontenoy groupe immobilier (fgi) - L'Annuaire des Entreprises immobilier societe.com
[2026-07-17 10:55:35] [493/4710 | 10.5%] Le Home de France | immobilier societe.com
[2026-07-17 10:55:37] [494/4710 | 10.5%] ELSA MARTIN IMMOBILIER immobilier societe.com
[2026-07-17 10:55:39] [495/4710 | 10.5%] WE ARE IMMO Website immobilier societe.com
[2026-07-17 10:55:40] [496/4710 | 10.5%] Jober Immobilier à Nogent sur Marne immobilier societe.com
[2026-07-17 10:55:43] [497/4710 | 10.6%] Almaris Assessment Services — Admin Interface immobilier societe.com
[2026-07-17 10:55:44] [498/4710 | 10.6%] evolis-ie.com immobilier societe.com
[2026-07-17 10:55:45] [499/4710 | 10.6%] Dahan immobilier | Marseille immobilier societe.com
[2026-07-17 10:55:47] [500/4710 | 10.6%] Ercinea - Immobilier d'entreprise - Gérance, achat, vente immobilier societe.com
[2026-07-17 10:55:50] === Batch: rows 500..599 ===
[2026-07-17 10:55:50] [501/4710 | 10.6%] eleos conseil immobilier societe.com
[2026-07-17 10:55:51] [502/4710 | 10.7%] Helix Immobilier: Agence immobilière Saint Germain en Laye ... immobilier societe.com
[2026-07-17 10:55:53] [503/4710 | 10.7%] EMERGENCE IMMO - Bussy-Saint-Georges - Versailles ... immobilier societe.com
[2026-07-17 10:55:56] [504/4710 | 10.7%] L'Immo d'Emma, agence immobilière Allauch, achat et vente ... immobilier societe.com
[2026-07-17 10:55:58] [505/4710 | 10.7%] Agence Soyez - Agence immobilière à Valenciennes immobilier societe.com
[2026-07-17 10:56:00] [506/4710 | 10.7%] Loreto, Agence immobiliere paris 6 immobilier societe.com
[2026-07-17 10:56:01] [507/4710 | 10.8%] Bellon Immobilier immobilier societe.com
[2026-07-17 10:56:03] [508/4710 | 10.8%] Effectimmo - Immobilier - Annonces Immobilières - Conseillers ... immobilier societe.com
[2026-07-17 10:56:04] [509/4710 | 10.8%] Virginia - Groupe familial Immobilier (@virginiaimmobilier) immobilier societe.com
[2026-07-17 10:56:05] [510/4710 | 10.8%] Agence immobilière à Brunoy - Agence De La Gare immobilier societe.com
[2026-07-17 10:56:08] [511/4710 | 10.8%] Etude Monge: Agence immobilière Paris 5 immobilier societe.com
[2026-07-17 10:56:10] [512/4710 | 10.9%] Sale - Marina Immo immobilier societe.com
[2026-07-17 10:56:11] [513/4710 | 10.9%] Get in Touch - DeTilly Real Estate immobilier societe.com
[2026-07-17 10:56:13] [514/4710 | 10.9%] Sales In The City (@salesinthecityparis) immobilier societe.com
[2026-07-17 10:56:14] [515/4710 | 10.9%] Annonces immobilières | Agence de la Gare immobilier societe.com
[2026-07-17 10:56:16] [516/4710 | 11.0%] AGENCE ESTIMMO : HOME immobilier societe.com
[2026-07-17 10:56:18] [517/4710 | 11.0%] Marney Property: Agence immobilière Paris 9 immobilier societe.com
[2026-07-17 10:56:20] [518/4710 | 11.0%] Lamirand & Associés - l'immobilier à Paris Rive droite ... immobilier societe.com
[2026-07-17 10:56:22] [519/4710 | 11.0%] PMM IMMOBILIER | agence immobilière immobilier societe.com
[2026-07-17 10:56:24] [520/4710 | 11.0%] Sélection d'annonces avec ESPACE IMMO immobilier societe.com
[2026-07-17 10:56:25] [521/4710 | 11.1%] Agence immobilière Hampton Immobilier (75019) immobilier societe.com
[2026-07-17 10:56:26] [522/4710 | 11.1%] Nouvelle Vague Paris immobilier societe.com
[2026-07-17 10:56:28] [523/4710 | 11.1%] Agence Mètre Carré immobilier societe.com
[2026-07-17 10:56:30] [524/4710 | 11.1%] Gregoire Immobilier: Accueil immobilier societe.com
[2026-07-17 10:56:32] [525/4710 | 11.1%] L.ROUX immobilier - agence immobilière pour le syndic sur ... immobilier societe.com
[2026-07-17 10:56:34] [526/4710 | 11.2%] Joanna Krief immobilier societe.com
[2026-07-17 10:56:35] [527/4710 | 11.2%] Real estate agency Hestia Immobilier immobilier societe.com
[2026-07-17 10:56:37] [528/4710 | 11.2%] FB Immobilier: Agence immobilière Thouars immobilier societe.com
[2026-07-17 10:56:38] [529/4710 | 11.2%] EMMANUEL FERREIRA - Directeur associé chez AXIA ... immobilier societe.com
[2026-07-17 10:56:41] [530/4710 | 11.3%] Ferrari.fr - Free immobilier societe.com
[2026-07-17 10:56:43] [531/4710 | 11.3%] clickandrent | Location et gestion locative en ligne immobilier societe.com
[2026-07-17 10:56:44] [532/4710 | 11.3%] L'Agence Internationale | Saint-Germain-en-Laye immobilier societe.com
[2026-07-17 10:56:45] [533/4710 | 11.3%] Our Story - La Vie Parisienne immobilier societe.com
[2026-07-17 10:56:47] [534/4710 | 11.3%] First City Conseils Agence immobilière Paris 7 immobilier societe.com
[2026-07-17 10:56:48] [535/4710 | 11.4%] Immo3L: Accueil immobilier societe.com
[2026-07-17 10:56:50] [536/4710 | 11.4%] Euro Immobilier à Tignes immobilier societe.com
[2026-07-17 10:56:52] [537/4710 | 11.4%] Ansel Immobilier: Agence immobilière à Rueil Malmaison et ... immobilier societe.com
[2026-07-17 10:56:55] [538/4710 | 11.4%] maeva Home immo: Accueil immobilier societe.com
[2026-07-17 10:56:57] [539/4710 | 11.4%] FMI Immobilier: Accueil immobilier societe.com
[2026-07-17 10:56:59] [540/4710 | 11.5%] Agence immobilière Eyguières FB IMMOBILIER mas villa ... immobilier societe.com
[2026-07-17 10:57:01] [541/4710 | 11.5%] IMMOBILIERE ROLLINE immobilier societe.com
[2026-07-17 10:57:03] [542/4710 | 11.5%] Eurotransactions Immobilier immobilier societe.com
[2026-07-17 10:57:04] [543/4710 | 11.5%] FlatSearch - Chasseur immobilier | Paris immobilier societe.com
[2026-07-17 10:57:06] [544/4710 | 11.5%] Agence FBI Voltaire Immobilier immobilier societe.com
[2026-07-17 10:57:07] [545/4710 | 11.6%] ADEQUADOM immobilier societe.com
[2026-07-17 10:57:09] [546/4710 | 11.6%] Pauline Druel - Fondatrice L'immobilier sympa, 50 rue Bayen immobilier societe.com
[2026-07-17 10:57:10] [547/4710 | 11.6%] Franklin Immobilier: Agence immobilière Mitry-Mory immobilier societe.com
[2026-07-17 10:57:12] [548/4710 | 11.6%] 11 Rue Bailly, Neuilly-sur-Seine immobilier societe.com
[2026-07-17 10:57:14] [549/4710 | 11.7%] AGENCE RG | Garches immobilier societe.com
[2026-07-17 10:57:16] [550/4710 | 11.7%] Conditions Générales d'Utilisation immobilier societe.com
[2026-07-17 10:57:18] [551/4710 | 11.7%] Florian Immobilier, agences immobilières spécialisées dans la ... immobilier societe.com
[2026-07-17 10:57:21] [552/4710 | 11.7%] À propos - FlatnYou - Annonces immobilières immobilier societe.com
[2026-07-17 10:57:22] [553/4710 | 11.7%] FAURE IMMO: Agence immobilière Brive la Gaillarde Objat ... immobilier societe.com
[2026-07-17 10:57:24] [554/4710 | 11.8%] Le DEAL immobilier: HOME immobilier societe.com
[2026-07-17 10:57:26] [555/4710 | 11.8%] Franklin Colisée Gérance - Paris 8ème (75008) immobilier societe.com
[2026-07-17 10:57:27] [556/4710 | 11.8%] F.T.I — Agence immobilière toulousaine immobilier societe.com
[2026-07-17 10:57:29] [557/4710 | 11.8%] Gmail : une messagerie sans frais, privée et sécurisée immobilier societe.com
[2026-07-17 10:57:30] [558/4710 | 11.8%] Société FB MARTEL IMMOBILIER immobilier societe.com
[2026-07-17 10:57:32] [559/4710 | 11.9%] CG Immobilier immobilier societe.com
[2026-07-17 10:57:33] [560/4710 | 11.9%] Agence Rigaut immobilier societe.com
[2026-07-17 10:57:35] [561/4710 | 11.9%] France Immeuble: Vente Immeuble de Rapport Paris & France immobilier societe.com
[2026-07-17 10:57:38] [562/4710 | 11.9%] Virgil - la nouvelle façon de devenir propriétaire immobilier societe.com
[2026-07-17 10:57:40] [563/4710 | 12.0%] Nous vous souhaitons une joyeuse pâques immobilier societe.com
[2026-07-17 10:57:42] [564/4710 | 12.0%] News immobilier societe.com
[2026-07-17 10:57:44] [565/4710 | 12.0%] Global Immo: Buy, sell and rent a house or an apartment in ... immobilier societe.com
[2026-07-17 10:57:46] [566/4710 | 12.0%] Syndic immobilier societe.com
[2026-07-17 10:57:47] [567/4710 | 12.0%] MiyakoParis, réseau immobilier international spécialiste du ... immobilier societe.com
[2026-07-17 10:57:49] [568/4710 | 12.1%] Point tn immobilier: Accueil immobilier societe.com
[2026-07-17 10:57:51] [569/4710 | 12.1%] HEXAGHOME IMMOBILIER - Solutions de Gestion Immobilière immobilier societe.com
[2026-07-17 10:57:52] [570/4710 | 12.1%] Société EXTENSION IMMOBILIER immobilier societe.com
[2026-07-17 10:57:54] [571/4710 | 12.1%] Programmes Immobiliers Neufs & VEFA à Paris et Île de France immobilier societe.com
[2026-07-17 10:57:56] [572/4710 | 12.1%] Global Estate, société de conseil en immobilier d'entreprise immobilier societe.com
[2026-07-17 10:57:58] [573/4710 | 12.2%] GIil Immo - Lieusaint immobilier societe.com
[2026-07-17 10:58:00] [574/4710 | 12.2%] Agence Marceau immobilier: Agence immobilière Courbevoie ... immobilier societe.com
[2026-07-17 10:58:01] [575/4710 | 12.2%] Galé Immobilier - Agence Immobilière immobilier societe.com
[2026-07-17 10:58:04] [576/4710 | 12.2%] RCH Immobilier : Agence immobilière à Montfort l'Amaury immobilier societe.com
[2026-07-17 10:58:05] [577/4710 | 12.3%] GSA Immobilier immobilier societe.com
[2026-07-17 10:58:07] [578/4710 | 12.3%] Société SAS HORIZONS : Chiffre d'affaires, statuts, extrait ... immobilier societe.com
[2026-07-17 10:58:09] [579/4710 | 12.3%] My House Immobilier immobilier societe.com
[2026-07-17 10:58:10] [580/4710 | 12.3%] HMC Immobilier — Agence immobilière à Bolquère, Font ... immobilier societe.com
[2026-07-17 10:58:12] [581/4710 | 12.3%] Haroue: Accueil immobilier societe.com
[2026-07-17 10:58:13] [582/4710 | 12.4%] Homexpress: Chasseur Immobilier Paris — Avis 4.9/5 immobilier societe.com
[2026-07-17 10:58:14] [583/4710 | 12.4%] Henro Immobilier, 2 agences immobilières à Tournai et ... immobilier societe.com
[2026-07-17 10:58:16] [584/4710 | 12.4%] Société GREEN PARK IMMOBILIER à 75015 PARIS immobilier societe.com
[2026-07-17 10:58:18] [585/4710 | 12.4%] GIL Immo: Agence immobilière SAVIGNY-LE-TEMPLE ... immobilier societe.com
[2026-07-17 10:58:19] [586/4710 | 12.4%] mary's home immobilier immobilier societe.com
[2026-07-17 10:58:21] [587/4710 | 12.5%] Biens à vendre immobilier societe.com
[2026-07-17 10:58:22] [588/4710 | 12.5%] Qui sommes nous immobilier societe.com
[2026-07-17 10:58:24] [589/4710 | 12.5%] Vidéo Notre Histoire immobilier societe.com
[2026-07-17 10:58:25] [590/4710 | 12.5%] HOME'S IMMOBILIER | Le Raincy immobilier societe.com
[2026-07-17 10:58:28] [591/4710 | 12.5%] Agence du Heron immobilier societe.com
[2026-07-17 10:58:29] [592/4710 | 12.6%] Nos biens à la vente à Marseille immobilier societe.com
[2026-07-17 10:58:31] [593/4710 | 12.6%] direction@fcpremium.fr ou par téléphone au 06 93 13 63 07 immobilier societe.com
[2026-07-17 10:58:32] [594/4710 | 12.6%] Homelatitude – HOMELATITUDE Paris : Location meublée Paris immobilier societe.com
[2026-07-17 10:58:34] [595/4710 | 12.6%] Marie TOPOL Barnabé Transaction immobilier societe.com
[2026-07-17 10:58:35] [596/4710 | 12.7%] Accueil - GSImmo - Gestion Immobilière Au Luxembourg immobilier societe.com
[2026-07-17 10:58:36] [597/4710 | 12.7%] Oswald Orb (@oswaldorbfr) immobilier societe.com
[2026-07-17 10:58:38] [598/4710 | 12.7%] HV IMMO | Orange immobilier societe.com
[2026-07-17 10:58:39] [599/4710 | 12.7%] 1 - Gmail - Google immobilier societe.com
[2026-07-17 10:58:41] [600/4710 | 12.7%] Société IDOLE IMMO : Chiffre d'affaires, statuts, extrait d' ... immobilier societe.com
[2026-07-17 10:58:44] === Batch: rows 600..699 ===
[2026-07-17 10:58:44] [601/4710 | 12.8%] 🏠🔑Votre agence 2M Immobilier vous propose à la vente sur le ... immobilier societe.com
[2026-07-17 10:58:46] [602/4710 | 12.8%] Notre agence | 2M Immobilier immobilier societe.com
[2026-07-17 10:58:47] [603/4710 | 12.8%] Immo Conseil Invest: Agence immobilière Clamart immobilier societe.com
[2026-07-17 10:58:49] [604/4710 | 12.8%] Termes et conditions immobilier societe.com
[2026-07-17 10:58:51] [605/4710 | 12.8%] Repimmo immobilier societe.com
[2026-07-17 10:58:53] [606/4710 | 12.9%] Agence Tradition immobilier immobilier societe.com
[2026-07-17 10:58:55] [607/4710 | 12.9%] HBG Conseil - Immobilier immobilier societe.com
[2026-07-17 10:58:57] [608/4710 | 12.9%] Immo Conseils Chambly - ICC immobilier societe.com
[2026-07-17 10:58:59] [609/4710 | 12.9%] L'immobilière Conseils : agence immobilière Noyon ... immobilier societe.com
[2026-07-17 10:59:00] [610/4710 | 13.0%] Esplanade Immobilier immobilier societe.com
[2026-07-17 10:59:02] [611/4710 | 13.0%] I West, agence immobilière à Clichy pour la vente et la location immobilier societe.com
[2026-07-17 10:59:03] [612/4710 | 13.0%] myagent – L'immobilier personnalisé immobilier societe.com
[2026-07-17 10:59:05] [613/4710 | 13.0%] immobilier | CABINET THOMAS immobilier societe.com
[2026-07-17 10:59:07] [614/4710 | 13.0%] Gestion locative immobilier societe.com
[2026-07-17 10:59:07] [615/4710 | 13.1%] Agence Louis XIV Versailles immobilier societe.com
[2026-07-17 10:59:08] [616/4710 | 13.1%] NICOLE JOUBERT AGENCE IMMOBILIERE à 49100 ANGERS immobilier societe.com
[2026-07-17 10:59:10] [617/4710 | 13.1%] Investir dans l'ancien (@Investirdanslancien.fr) - About immobilier societe.com
[2026-07-17 10:59:12] [618/4710 | 13.1%] Notre équipe - IMMOSCOPE immobilier societe.com
[2026-07-17 10:59:13] [619/4710 | 13.1%] Lyon Gestion: Accueil immobilier societe.com
[2026-07-17 10:59:14] [620/4710 | 13.2%] 4 rue des Bas Rogers - 92800 Puteaux immobilier societe.com
[2026-07-17 10:59:16] [621/4710 | 13.2%] makelaars-frankrijk immobilier societe.com
[2026-07-17 10:59:17] [622/4710 | 13.2%] Pierre Invest | Paris immobilier societe.com
[2026-07-17 10:59:18] [623/4710 | 13.2%] Isabelle Guettaf | Immobilier Privé immobilier societe.com
[2026-07-17 10:59:20] [624/4710 | 13.2%] Pozzo Immobilier | Yquelon immobilier societe.com
[2026-07-17 10:59:21] [625/4710 | 13.3%] L'intermédiaire immobilier immobilier societe.com
[2026-07-17 10:59:23] [626/4710 | 13.3%] Agence Micot - 6 rue Taine 75012 Paris immobilier societe.com
[2026-07-17 10:59:24] [627/4710 | 13.3%] Billie.immo immobilier societe.com
[2026-07-17 10:59:26] [628/4710 | 13.3%] Iris Immo - Accueil immobilier societe.com
[2026-07-17 10:59:27] [629/4710 | 13.4%] keystone immobilier immobilier societe.com
[2026-07-17 10:59:29] [630/4710 | 13.4%] Montrouge Immobilier: Agence immobilière à Montrouge immobilier societe.com
[2026-07-17 10:59:30] [631/4710 | 13.4%] L'agence Brun Immobilier Vincennes recrute commerciaux ... immobilier societe.com
[2026-07-17 10:59:31] [632/4710 | 13.4%] Marc-Olivier Naim, Chef d'entreprise, IVA Immobilier, Paris ... immobilier societe.com
[2026-07-17 10:59:33] [633/4710 | 13.4%] NYT Bestselling Author (@stephanie.dray) immobilier societe.com
[2026-07-17 10:59:34] [634/4710 | 13.5%] IMMO JEANMART - accueil immobilier societe.com
[2026-07-17 10:59:36] [635/4710 | 13.5%] Mathieu immobilier | Agence immobilière - Ardennes & Marne immobilier societe.com
[2026-07-17 10:59:38] [636/4710 | 13.5%] DE MAISON PIERRE: Agence immobilière Valence immobilier societe.com
[2026-07-17 10:59:40] [637/4710 | 13.5%] Mon Bien Immobilier - Agence immobilière Val-d'Oise, Oise ... immobilier societe.com
[2026-07-17 10:59:43] [638/4710 | 13.5%] galilee gestion - etude philippe immobilier societe.com
[2026-07-17 10:59:44] [639/4710 | 13.6%] Agence immobilière Sarcelles dans le 95 Val-d'Oise - Vente et ... immobilier societe.com
[2026-07-17 10:59:47] [640/4710 | 13.6%] Experts de l'immobilier neuf au Maroc immobilier societe.com
[2026-07-17 10:59:54] [641/4710 | 13.6%] NousGérons (@Nousgerons) immobilier societe.com
[2026-07-17 10:59:56] [642/4710 | 13.6%] Gestion Immo Lyon immobilier societe.com
[2026-07-17 10:59:57] [643/4710 | 13.7%] Michel Dourdin Email - Commercial @ Volvo Trucks immobilier societe.com
[2026-07-17 10:59:59] [644/4710 | 13.7%] Smart Invest Immo : Votre investissement locatif à fort rendement immobilier societe.com
[2026-07-17 11:00:01] [645/4710 | 13.7%] AGI92 - chasseur immobilier Paris et Ouest parisien immobilier societe.com
[2026-07-17 11:00:02] [646/4710 | 13.7%] Maison Rignault | Paris immobilier societe.com
[2026-07-17 11:00:05] [647/4710 | 13.7%] ImmoBuild Kohn | Dudelange immobilier societe.com
[2026-07-17 11:00:07] [648/4710 | 13.8%] JPM IMMOBILIER immobilier societe.com
[2026-07-17 11:00:09] [649/4710 | 13.8%] L'Intermédiaire immobilier: Experts en immobilier | Cabriès immobilier societe.com
[2026-07-17 11:00:12] [650/4710 | 13.8%] Appartement Vincennes 1 pièce(s) immobilier societe.com
[2026-07-17 11:00:14] [651/4710 | 13.8%] REAL 31 - Agence immobilière et syndic en Île-de-France ... immobilier societe.com
[2026-07-17 11:00:16] [652/4710 | 13.8%] J'aime L'Immo France – Gestion et sous-location immobilière ... immobilier societe.com
[2026-07-17 11:00:19] [653/4710 | 13.9%] Je vends / Je loue immobilier societe.com
[2026-07-17 11:00:21] [654/4710 | 13.9%] Jeanson Properties | Estimations Gratuites immobilier societe.com
[2026-07-17 11:00:23] [655/4710 | 13.9%] K&P Finance | Paris immobilier societe.com
[2026-07-17 11:00:25] [656/4710 | 13.9%] PM IMMOBILIER CEGEY Soisy Sous Montmorency immobilier societe.com
[2026-07-17 11:00:27] [657/4710 | 13.9%] Société WB INVEST (WERNER IMMOBILIER) à 75016 PARIS immobilier societe.com
[2026-07-17 11:00:30] [658/4710 | 14.0%] JF Meyer Immobilier immobilier societe.com
[2026-07-17 11:00:32] [659/4710 | 14.0%] Notre équipe | PELISSOLO BEAUHARNAIS immobilier societe.com
[2026-07-17 11:00:33] [660/4710 | 14.0%] Accueil - Parella France immobilier societe.com
[2026-07-17 11:00:35] [661/4710 | 14.0%] Cabinet Michel Laurent, Administrateur de Biens immobilier societe.com
[2026-07-17 11:00:38] [662/4710 | 14.1%] Société KABLE IMMOBILIER : Chiffre d'affaires, statuts, ... immobilier societe.com
[2026-07-17 11:00:41] [663/4710 | 14.1%] Tikva Immobilier, Paris, FR | Informations sur l'entreprise immobilier societe.com
[2026-07-17 11:00:43] [664/4710 | 14.1%] AGENCE PRINCIPALE Clamart: immobilier immobilier societe.com
[2026-07-17 11:00:46] [665/4710 | 14.1%] Cabinet indépendant de conseils immobiliers et patrimoniaux ... immobilier societe.com
[2026-07-17 11:00:47] [666/4710 | 14.1%] Amel Farague Immobilier | Paris immobilier societe.com
[2026-07-17 11:00:49] [667/4710 | 14.2%] Agence Immobilière JDV Gestion immobilier societe.com
[2026-07-17 11:00:51] [668/4710 | 14.2%] JUM IMMO Pantin: Agence Immobilière immobilier societe.com
[2026-07-17 11:00:54] [669/4710 | 14.2%] Agence Nicole Joubert | Angers immobilier societe.com
[2026-07-17 11:00:57] [670/4710 | 14.2%] Payments & subscriptions immobilier societe.com
[2026-07-17 11:00:59] [671/4710 | 14.2%] JN Immobilier: Accueil immobilier societe.com
[2026-07-17 11:01:00] [672/4710 | 14.3%] Lacroix Gentilly: Agence immobilière Gentilly immobilier societe.com
[2026-07-17 11:01:02] [673/4710 | 14.3%] Immo Vision Charleroi | Agence Immobilière de Proximité ... immobilier societe.com
[2026-07-17 11:01:03] [674/4710 | 14.3%] Agence immobilière Paris 17 FREDēLION Villiers immobilier societe.com
[2026-07-17 11:01:05] [675/4710 | 14.3%] Insula Immobilier - Porto-Vecchio immobilier societe.com
[2026-07-17 11:01:06] [676/4710 | 14.4%] Logisvert - Palaiseau immobilier societe.com
[2026-07-17 11:01:08] [677/4710 | 14.4%] Nos biens à la vente - Investir - Café Viager immobilier societe.com
[2026-07-17 11:01:10] [678/4710 | 14.4%] Immobilier sur Paris 75011 — L'Immobilière Bernard Lacoste immobilier societe.com
[2026-07-17 11:01:12] [679/4710 | 14.4%] Raphaël Immobilier | Acquisition Gestion Transaction Location ... immobilier societe.com
[2026-07-17 11:01:14] [680/4710 | 14.4%] L&B Immobilier | Nice immobilier societe.com
[2026-07-17 11:01:17] [681/4710 | 14.5%] La Pépite Immobilier: Agence immobilière Valenciennes immobilier societe.com
[2026-07-17 11:01:19] [682/4710 | 14.5%] Connexion MyCitya immobilier societe.com
[2026-07-17 11:01:21] [683/4710 | 14.5%] IN'Paris Sebastien Crestaux (@inormandieparis) immobilier societe.com
[2026-07-17 11:01:22] [684/4710 | 14.5%] Cabinet l'Immobilière: Syndic de copropriété professionnel à ... immobilier societe.com
[2026-07-17 11:01:24] [685/4710 | 14.5%] EVRARD Immobilier | Béthune immobilier societe.com
[2026-07-17 11:01:25] [686/4710 | 14.6%] Agent immobilier LABORDE IMMOBILIER immobilier societe.com
[2026-07-17 11:01:28] [687/4710 | 14.6%] Newsroom Groupe Orange | Laurent Leboucher immobilier societe.com
[2026-07-17 11:01:29] [688/4710 | 14.6%] Agence immobilière à Rueil-Malmaison - L'immobilier Côte à ... immobilier societe.com
[2026-07-17 11:01:31] [689/4710 | 14.6%] Agence immobilière Lourdes ,Argelès-Gazost , Tarbes ... immobilier societe.com
[2026-07-17 11:01:33] [690/4710 | 14.6%] Lev Immo immobilier societe.com
[2026-07-17 11:01:34] [691/4710 | 14.7%] Laroze Immobilier: Home immobilier societe.com
[2026-07-17 11:01:36] [692/4710 | 14.7%] Agence Immobilière La Tour | Paris immobilier societe.com
[2026-07-17 11:01:39] [693/4710 | 14.7%] La Mothe Immobilier: Agence immobilière Les Achards immobilier societe.com
[2026-07-17 11:01:41] [694/4710 | 14.7%] Me rencontrer - Lunéville - Thibault BAZIN immobilier societe.com
[2026-07-17 11:01:43] [695/4710 | 14.8%] Les Clefs de l'Immobilier | Agences immobilières à Reims et ... immobilier societe.com
[2026-07-17 11:01:44] [696/4710 | 14.8%] LES Z'AGENTS immobilier | Échirolles immobilier societe.com
[2026-07-17 11:01:46] [697/4710 | 14.8%] LAURA Immobilier | Alfortville immobilier societe.com
[2026-07-17 11:01:48] [698/4710 | 14.8%] Immobilier à Paris, Bordeaux, Sud-Ouest immobilier societe.com
[2026-07-17 11:01:50] [699/4710 | 14.8%] unicorn.lu immobilier societe.com
[2026-07-17 11:01:51] [700/4710 | 14.9%] AXHOME IMMO immobilier societe.com
[2026-07-17 11:01:54] === Batch: rows 700..799 ===
[2026-07-17 11:01:54] [701/4710 | 14.9%] EvaImmo | EVA IMMO S.A. immobilier societe.com
[2026-07-17 11:01:56] [702/4710 | 14.9%] Real G Immo immobilier societe.com
[2026-07-17 11:01:58] [703/4710 | 14.9%] LD Home - Accueil immobilier societe.com
[2026-07-17 11:01:59] [704/4710 | 14.9%] KUBIMMO immobilier societe.com
[2026-07-17 11:02:01] [705/4710 | 15.0%] LA Immo – Agence Immobilière – Partenaire de vos futurs ... immobilier societe.com
[2026-07-17 11:02:02] [706/4710 | 15.0%] Saint Louis Immobilier immobilier societe.com
[2026-07-17 11:02:04] [707/4710 | 15.0%] NOVIN' REAL ESTATE - Agence Immobilière Luxembourg immobilier societe.com
[2026-07-17 11:02:05] [708/4710 | 15.0%] Agence Immobilière LA CITE | Agence immobilière immobilier societe.com
[2026-07-17 11:02:08] [709/4710 | 15.1%] Agence LM Immobilier Sèvres – Sèvres, Meudon, Ville d'Avray ... immobilier societe.com
[2026-07-17 11:02:10] [710/4710 | 15.1%] King Immobilier - Agence Saint-Maur/La Varenne ... immobilier societe.com
[2026-07-17 11:02:11] [711/4710 | 15.1%] AGENCE DU LYS LAMORLAYE immobilier societe.com
[2026-07-17 11:02:14] [712/4710 | 15.1%] Langlais & Langlais: Votre agence immobilière au Luxembourg immobilier societe.com
[2026-07-17 11:02:15] [713/4710 | 15.1%] Immocity : Agence immobilière à Luxembourg immobilier societe.com
[2026-07-17 11:02:16] [714/4710 | 15.2%] 10% sur la privatisation de notre Rooftop ! 🥂 C'est l'offre à ... immobilier societe.com
[2026-07-17 11:02:19] [715/4710 | 15.2%] Bienvenue sur Lordimmo immobilier societe.com
[2026-07-17 11:02:20] [716/4710 | 15.2%] Notre équipe | SEVEN immobilier societe.com
[2026-07-17 11:02:22] [717/4710 | 15.2%] Agence Home Sweet Immo | Bois-Colombes immobilier societe.com
[2026-07-17 11:02:24] [718/4710 | 15.2%] Le Lys Immo | Châlons-sur-Marne immobilier societe.com
[2026-07-17 11:02:25] [719/4710 | 15.3%] Société LVA PARIS : Chiffre d'affaires, statuts, extrait d' ... immobilier societe.com
[2026-07-17 11:02:27] [720/4710 | 15.3%] House dream: Accueil immobilier societe.com
[2026-07-17 11:02:29] [721/4710 | 15.3%] Conseiller investissement immobilier | MonLocatif | Île-de ... immobilier societe.com
[2026-07-17 11:02:30] [722/4710 | 15.3%] Extranet immobilier societe.com
[2026-07-17 11:02:32] [723/4710 | 15.4%] MAP Immobilier - Agence Immobilière à Hennebont immobilier societe.com
[2026-07-17 11:02:33] [724/4710 | 15.4%] LOCATION MCD - Contres (41700) immobilier societe.com
[2026-07-17 11:02:35] [725/4710 | 15.4%] Agence Saulire: Agence immobilière Meribel Mottaret immobilier societe.com
[2026-07-17 11:02:37] [726/4710 | 15.4%] QUI SOMMES NOUS ? - msi-properties immobilier societe.com
[2026-07-17 11:02:39] [727/4710 | 15.4%] Syndic de copropriété | Gestion immobilier societe.com
[2026-07-17 11:02:41] [728/4710 | 15.5%] Cabinet Mansart - Immobilier à Versailles immobilier societe.com
[2026-07-17 11:02:43] [729/4710 | 15.5%] Zineb BENLAMRI immobilier societe.com
[2026-07-17 11:02:45] [730/4710 | 15.5%] Agence du marché - La Ferté sous Jouarre immobilier societe.com
[2026-07-17 11:02:47] [731/4710 | 15.5%] Agence immobilière Pantin 93500 – Experts du marché à ... immobilier societe.com
[2026-07-17 11:02:49] [732/4710 | 15.5%] Volume2 - Immobilier Paris, Île-de-France immobilier societe.com
[2026-07-17 11:02:50] [733/4710 | 15.6%] Maclès Immobilier | Pierrefitte immobilier societe.com
[2026-07-17 11:02:52] [734/4710 | 15.6%] Accueil - M2A CONSEILS immobilier societe.com
[2026-07-17 11:02:53] [735/4710 | 15.6%] Marc Foujols | Immobilier de Luxe Paris - France - International immobilier societe.com
[2026-07-17 11:02:55] [736/4710 | 15.6%] Agence immobilière MAIZON PARIS (75016) immobilier societe.com
[2026-07-17 11:02:56] [737/4710 | 15.6%] MS IMMO | Forville immobilier societe.com
[2026-07-17 11:02:59] [738/4710 | 15.7%] Immo2, Enghien-les-Bains, FR | Informations sur l'entreprise immobilier societe.com
[2026-07-17 11:03:01] [739/4710 | 15.7%] Immo2-0 immobilier societe.com
[2026-07-17 11:03:02] [740/4710 | 15.7%] L'Agence | Toulouse immobilier societe.com
[2026-07-17 11:03:04] [741/4710 | 15.7%] Toit En Tête – Histoire d'Immobilier immobilier societe.com
[2026-07-17 11:03:06] [742/4710 | 15.8%] How to sign in to Hotmail immobilier societe.com
[2026-07-17 11:03:07] [743/4710 | 15.8%] Etude MS – Agence immobilière Paris immobilier societe.com
[2026-07-17 11:03:09] [744/4710 | 15.8%] Muriel Immotrott immobilier societe.com
[2026-07-17 11:03:10] [745/4710 | 15.8%] Matthieu Demarquette immobilier societe.com
[2026-07-17 11:03:12] [746/4710 | 15.8%] M&L Immobilier immobilier societe.com
[2026-07-17 11:03:14] [747/4710 | 15.9%] MD Immo immobilier societe.com
[2026-07-17 11:03:16] [748/4710 | 15.9%] Mickaël Desplanques immobilier societe.com
[2026-07-17 11:03:17] [749/4710 | 15.9%] Notre agence immobilier societe.com
[2026-07-17 11:03:19] [750/4710 | 15.9%] N'CO Conseil | À vos côtés pour un immobilier responsable ! immobilier societe.com
[2026-07-17 11:03:21] [751/4710 | 15.9%] Aristimmo: Agence immobilière Monein immobilier societe.com
[2026-07-17 11:03:22] [752/4710 | 16.0%] Vendez votre bien en toute confiance avec Néo Viager immobilier societe.com
[2026-07-17 11:03:23] [753/4710 | 16.0%] Agence des Arcades immobilier societe.com
[2026-07-17 11:03:25] [754/4710 | 16.0%] Vendre acheter un bar brasserie restaurant en vente. immobilier societe.com
[2026-07-17 11:03:26] [755/4710 | 16.0%] Dolce Casa Immobilier: Accueil immobilier societe.com
[2026-07-17 11:03:28] [756/4710 | 16.1%] Meech Development Promotion immobilière de bureaux et d ... immobilier societe.com
[2026-07-17 11:03:30] [757/4710 | 16.1%] Luxury Apartments for Sale & Rent in Paris | LuxuryFlatInParis ... immobilier societe.com
[2026-07-17 11:03:31] [758/4710 | 16.1%] NICOLSON REALTY – Immobilier Remarquable I PARIS I ... immobilier societe.com
[2026-07-17 11:03:33] [759/4710 | 16.1%] Castan Immobilier : Votre Expert en Immobilier à Paris et en ... immobilier societe.com
[2026-07-17 11:03:34] [760/4710 | 16.1%] La Momonde, Cornus | Gîte immobilier societe.com
[2026-07-17 11:03:36] [761/4710 | 16.2%] Nous rejoindre | MISE EN VENTE immobilier societe.com
[2026-07-17 11:03:37] [762/4710 | 16.2%] Surface IMMO immobilier societe.com
[2026-07-17 11:03:39] [763/4710 | 16.2%] OWWI L'AGENCE: Agence immobilière Paris 7ième ... immobilier societe.com
[2026-07-17 11:03:40] [764/4710 | 16.2%] wanadoo.fr immobilier societe.com
[2026-07-17 11:03:42] [765/4710 | 16.2%] Location immobilier societe.com
[2026-07-17 11:03:44] [766/4710 | 16.3%] Cabinet Descroix - Immobilier Reims et Charleville-Mézières immobilier societe.com
[2026-07-17 11:03:46] [767/4710 | 16.3%] Joie&Frère Agence Immobilière à Veyrier-du-lac à proximité ... immobilier societe.com
[2026-07-17 11:03:47] [768/4710 | 16.3%] Nsf Immobilier à Boissy Saint Léger immobilier societe.com
[2026-07-17 11:03:48] [769/4710 | 16.3%] O'REAL immobilier societe.com
[2026-07-17 11:03:50] [770/4710 | 16.3%] Solenn Moustié - Directrice Générale chez Phi-Link immobilier societe.com
[2026-07-17 11:03:52] [771/4710 | 16.4%] Re partners: Accueil immobilier societe.com
[2026-07-17 11:03:54] [772/4710 | 16.4%] CD CONSULT : HOME immobilier societe.com
[2026-07-17 11:03:55] [773/4710 | 16.4%] OPEN Immobilier - Expert local - Thionville, Hettange ... immobilier societe.com
[2026-07-17 11:03:58] [774/4710 | 16.4%] test immobilier societe.com
[2026-07-17 11:03:59] [775/4710 | 16.5%] Nova Immo | Agence immobilière dans le Brabant Wallon ... immobilier societe.com
[2026-07-17 11:04:01] [776/4710 | 16.5%] Agence immobilière Versailles | Agence Notre Dame immobilier societe.com
[2026-07-17 11:04:02] [777/4710 | 16.5%] Tarifs et Conditions des Offres Internet et Mobiles immobilier societe.com
[2026-07-17 11:04:04] [778/4710 | 16.5%] ORFEO Développement immobilier societe.com
[2026-07-17 11:04:06] [779/4710 | 16.5%] Selection d'annonces avec Pierre Immo immobilier societe.com
[2026-07-17 11:04:08] [780/4710 | 16.6%] PRIMONIA Gestionnaire de biens immobiliers immobilier societe.com
[2026-07-17 11:04:09] [781/4710 | 16.6%] Mister Property Levallois-Perret (MP GROUP) immobilier societe.com
[2026-07-17 11:04:11] [782/4710 | 16.6%] Agence des Palmiers | Grasse immobilier societe.com
[2026-07-17 11:04:12] [783/4710 | 16.6%] Immobilière du Parc - Corbeil-Essonnes immobilier societe.com
[2026-07-17 11:04:13] [784/4710 | 16.6%] Odessa Immobilier (@odessaimmobilier) immobilier societe.com
[2026-07-17 11:04:15] [785/4710 | 16.7%] Immobiliere Saint Hilaire St Maur des Fosses et environs immobilier societe.com
[2026-07-17 11:04:16] [786/4710 | 16.7%] Romain Pères - Pères et Fils Immobilier immobilier societe.com
[2026-07-17 11:04:18] [787/4710 | 16.7%] Felix Patrimonium immobilier societe.com
[2026-07-17 11:04:19] [788/4710 | 16.7%] GESTION - PARIS ESTATE SERVICES immobilier societe.com
[2026-07-17 11:04:21] [789/4710 | 16.8%] PanaFrance – Développeur d'immobilier d'entreprise immobilier societe.com
[2026-07-17 11:04:23] [790/4710 | 16.8%] Parisii Immobilier immobilier societe.com
[2026-07-17 11:04:25] [791/4710 | 16.8%] Leconte Immobilier immobilier societe.com
[2026-07-17 11:04:28] [792/4710 | 16.8%] Gestion locative immobilier societe.com
[2026-07-17 11:04:28] [793/4710 | 16.8%] IMONIA - Syndic & Administrateur de biens immobilier societe.com
[2026-07-17 11:04:29] [794/4710 | 16.9%] Planet'Immo: Agence immobilière Saint-Priest-en-Jarez immobilier societe.com
[2026-07-17 11:04:30] [795/4710 | 16.9%] Agence Primmo Immobilier: Agence Immobilière Lyon, Monts ... immobilier societe.com
[2026-07-17 11:04:33] [796/4710 | 16.9%] Immobilière Georges, Votre agence immobilière à Forest ... immobilier societe.com
[2026-07-17 11:04:35] [797/4710 | 16.9%] VILLAGE BLEU: Agence immobilière Asnières-sur-Seine immobilier societe.com
[2026-07-17 11:04:37] [798/4710 | 16.9%] Bellestone - Plateforme immobilière immobilier societe.com
[2026-07-17 11:04:38] [799/4710 | 17.0%] Qui sommes-nous ? - Immobilier, agence immobilière RetG immobilier societe.com
[2026-07-17 11:04:39] [800/4710 | 17.0%] Les PIES logement PMR immobilier societe.com
